2021-11-22T03:07:34+00:00 CRITICAL Uncaught Error: Cannot use object of type WP_Query as array in C:\xampp\htdocs\starshop\wp-content\themes\starshop\woocommerce\archive-product.php:85
Stack trace:
#0 C:\xampp\htdocs\starshop\wp-content\plugins\woocommerce\includes\wc-core-functions.php(345): include()
#1 C:\xampp\htdocs\starshop\wp-content\plugins\woocommerce\templates\taxonomy-product-cat.php(22): wc_get_template('archive-product...')
#2 C:\xampp\htdocs\starshop\wp-includes\template-loader.php(106): include('C:\\xampp\\htdocs...')
#3 C:\xampp\htdocs\starshop\wp-blog-header.php(19): require_once('C:\\xampp\\htdocs...')
#4 C:\xampp\htdocs\starshop\index.php(17): require('C:\\xampp\\htdocs...')
#5 {main}
  thrown in C:\xampp\htdocs\starshop\wp-content\themes\starshop\woocommerce\archive-product.php on line 85

2021-11-22T03:08:56+00:00 CRITICAL Uncaught Error: Cannot use object of type WP_Query as array in C:\xampp\htdocs\starshop\wp-content\themes\starshop\woocommerce\archive-product.php:85
Stack trace:
#0 C:\xampp\htdocs\starshop\wp-content\plugins\woocommerce\includes\wc-core-functions.php(345): include()
#1 C:\xampp\htdocs\starshop\wp-content\plugins\woocommerce\templates\taxonomy-product-cat.php(22): wc_get_template('archive-product...')
#2 C:\xampp\htdocs\starshop\wp-includes\template-loader.php(106): include('C:\\xampp\\htdocs...')
#3 C:\xampp\htdocs\starshop\wp-blog-header.php(19): require_once('C:\\xampp\\htdocs...')
#4 C:\xampp\htdocs\starshop\index.php(17): require('C:\\xampp\\htdocs...')
#5 {main}
  thrown in C:\xampp\htdocs\starshop\wp-content\themes\starshop\woocommerce\archive-product.php on line 85

2021-11-22T03:16:03+00:00 CRITICAL Uncaught Error: Cannot use object of type WP_Post as array in C:\xampp\htdocs\starshop\wp-content\themes\starshop\woocommerce\archive-product.php:102
Stack trace:
#0 C:\xampp\htdocs\starshop\wp-content\plugins\woocommerce\includes\wc-core-functions.php(345): include()
#1 C:\xampp\htdocs\starshop\wp-content\plugins\woocommerce\templates\taxonomy-product-cat.php(22): wc_get_template('archive-product...')
#2 C:\xampp\htdocs\starshop\wp-includes\template-loader.php(106): include('C:\\xampp\\htdocs...')
#3 C:\xampp\htdocs\starshop\wp-blog-header.php(19): require_once('C:\\xampp\\htdocs...')
#4 C:\xampp\htdocs\starshop\index.php(17): require('C:\\xampp\\htdocs...')
#5 {main}
  thrown in C:\xampp\htdocs\starshop\wp-content\themes\starshop\woocommerce\archive-product.php on line 102

2021-11-22T03:16:54+00:00 CRITICAL Uncaught Error: Cannot use object of type WP_Post as array in C:\xampp\htdocs\starshop\wp-content\themes\starshop\woocommerce\archive-product.php:88
Stack trace:
#0 C:\xampp\htdocs\starshop\wp-content\plugins\woocommerce\includes\wc-core-functions.php(345): include()
#1 C:\xampp\htdocs\starshop\wp-content\plugins\woocommerce\templates\taxonomy-product-cat.php(22): wc_get_template('archive-product...')
#2 C:\xampp\htdocs\starshop\wp-includes\template-loader.php(106): include('C:\\xampp\\htdocs...')
#3 C:\xampp\htdocs\starshop\wp-blog-header.php(19): require_once('C:\\xampp\\htdocs...')
#4 C:\xampp\htdocs\starshop\index.php(17): require('C:\\xampp\\htdocs...')
#5 {main}
  thrown in C:\xampp\htdocs\starshop\wp-content\themes\starshop\woocommerce\archive-product.php on line 88

2021-11-22T03:17:01+00:00 CRITICAL Uncaught Error: Undefined constant "WP_ENVIRONMENT_TYPE" in C:\xampp\htdocs\starshop\wp-content\plugins\woocommerce\packages\woocommerce-admin\src\Schedulers\MailchimpScheduler.php:90
Stack trace:
#0 C:\xampp\htdocs\starshop\wp-content\plugins\woocommerce\packages\woocommerce-admin\src\Schedulers\MailchimpScheduler.php(90): constant('WP_ENVIRONMENT_...')
#1 C:\xampp\htdocs\starshop\wp-content\plugins\woocommerce\packages\woocommerce-admin\src\Schedulers\MailchimpScheduler.php(58): Automattic\WooCommerce\Admin\Schedulers\MailchimpScheduler->make_request('dangtuananh.hvt...')
#2 C:\xampp\htdocs\starshop\wp-content\plugins\woocommerce\packages\woocommerce-admin\src\Events.php(109): Automattic\WooCommerce\Admin\Schedulers\MailchimpScheduler->run()
#3 C:\xampp\htdocs\starshop\wp-includes\class-wp-hook.php(303): Automattic\WooCommerce\Admin\Events->do_wc_admin_daily()
#4 C:\xampp\htdocs\starshop\wp-includes\class-wp-hook.php(327): WP_Hook->apply_filters('', Array)
#5 C:\xampp\htdocs\starshop\wp-includes\plugin.php(518): WP_Hook->do_action(Array)
#6 C:\xampp\htdocs\starshop\wp-cron.php(138): do_action_ref_array('wc_admin_daily', Array)
#7 {main}
  thrown in C:\xampp\htdocs\starshop\wp-content\plugins\woocommerce\packages\woocommerce-admin\src\Schedulers\MailchimpScheduler.php on line 90

2021-11-22T08:10:09+00:00 CRITICAL Uncaught Error: Call to a member function is_on_sale() on null in C:\xampp\htdocs\starshop\wp-content\themes\starshop\woocommerce\archive-product.php:56
Stack trace:
#0 C:\xampp\htdocs\starshop\wp-content\plugins\woocommerce\includes\wc-core-functions.php(345): include()
#1 C:\xampp\htdocs\starshop\wp-content\plugins\woocommerce\templates\taxonomy-product-cat.php(22): wc_get_template('archive-product...')
#2 C:\xampp\htdocs\starshop\wp-includes\template-loader.php(106): include('C:\\xampp\\htdocs...')
#3 C:\xampp\htdocs\starshop\wp-blog-header.php(19): require_once('C:\\xampp\\htdocs...')
#4 C:\xampp\htdocs\starshop\index.php(17): require('C:\\xampp\\htdocs...')
#5 {main}
  thrown in C:\xampp\htdocs\starshop\wp-content\themes\starshop\woocommerce\archive-product.php on line 56

2021-11-22T08:22:45+00:00 CRITICAL Uncaught Error: Call to a member function is_on_sale() on null in C:\xampp\htdocs\starshop\wp-content\themes\starshop\woocommerce\archive-product.php:143
Stack trace:
#0 C:\xampp\htdocs\starshop\wp-content\plugins\woocommerce\includes\wc-core-functions.php(345): include()
#1 C:\xampp\htdocs\starshop\wp-content\plugins\woocommerce\templates\taxonomy-product-cat.php(22): wc_get_template('archive-product...')
#2 C:\xampp\htdocs\starshop\wp-includes\template-loader.php(106): include('C:\\xampp\\htdocs...')
#3 C:\xampp\htdocs\starshop\wp-blog-header.php(19): require_once('C:\\xampp\\htdocs...')
#4 C:\xampp\htdocs\starshop\index.php(17): require('C:\\xampp\\htdocs...')
#5 {main}
  thrown in C:\xampp\htdocs\starshop\wp-content\themes\starshop\woocommerce\archive-product.php on line 143

2021-11-22T08:24:03+00:00 CRITICAL Uncaught TypeError: method_exists(): Argument #1 ($object_or_class) must be of type object|string, null given in C:\xampp\htdocs\starshop\wp-content\themes\starshop\functions.php:422
Stack trace:
#0 C:\xampp\htdocs\starshop\wp-content\themes\starshop\functions.php(422): method_exists(NULL, 'get_regular_pri...')
#1 C:\xampp\htdocs\starshop\wp-includes\class-wp-hook.php(303): woocommerce_custom_badge('<span class="on...', NULL, NULL)
#2 C:\xampp\htdocs\starshop\wp-includes\plugin.php(189): WP_Hook->apply_filters('<span class="on...', Array)
#3 C:\xampp\htdocs\starshop\wp-content\themes\starshop\woocommerce\archive-product.php(144): apply_filters('woocommerce_sal...', '<span class="on...', NULL, NULL)
#4 C:\xampp\htdocs\starshop\wp-content\plugins\woocommerce\includes\wc-core-functions.php(345): include('C:\\xampp\\htdocs...')
#5 C:\xampp\htdocs\starshop\wp-content\plugins\woocommerce\templates\taxonomy-product-cat.php(22): wc_get_template('archive-product...')
#6 C:\xampp\htdocs\starshop\wp-includes\template-loader.php(106): include('C:\\xampp\\htdocs...')
#7 C:\xampp\htdocs\starshop\wp-blog-header.php(19): require_once('C:\\xampp\\htdocs...')
#8 C:\xampp\htdocs\starshop\index.php(17): require('C:\\xampp\\htdocs...')
#9 {main}
  thrown in C:\xampp\htdocs\starshop\wp-content\themes\starshop\functions.php on line 422

2021-11-22T08:37:34+00:00 CRITICAL Uncaught ArgumentCountError: Too few arguments to function woocommerce_custom_sale_text(), 2 passed in C:\xampp\htdocs\starshop\wp-includes\class-wp-hook.php on line 303 and exactly 3 expected in C:\xampp\htdocs\starshop\wp-content\themes\starshop\functions.php:419
Stack trace:
#0 C:\xampp\htdocs\starshop\wp-includes\class-wp-hook.php(303): woocommerce_custom_sale_text('<span class="on...', NULL)
#1 C:\xampp\htdocs\starshop\wp-includes\plugin.php(189): WP_Hook->apply_filters('<span class="on...', Array)
#2 C:\xampp\htdocs\starshop\wp-content\themes\starshop\woocommerce\archive-product.php(144): apply_filters('woocommerce_sal...', '<span class="on...', NULL)
#3 C:\xampp\htdocs\starshop\wp-content\plugins\woocommerce\includes\wc-core-functions.php(345): include('C:\\xampp\\htdocs...')
#4 C:\xampp\htdocs\starshop\wp-content\plugins\woocommerce\templates\taxonomy-product-cat.php(22): wc_get_template('archive-product...')
#5 C:\xampp\htdocs\starshop\wp-includes\template-loader.php(106): include('C:\\xampp\\htdocs...')
#6 C:\xampp\htdocs\starshop\wp-blog-header.php(19): require_once('C:\\xampp\\htdocs...')
#7 C:\xampp\htdocs\starshop\index.php(17): require('C:\\xampp\\htdocs...')
#8 {main}
  thrown in C:\xampp\htdocs\starshop\wp-content\themes\starshop\functions.php on line 419

2021-11-22T08:38:02+00:00 CRITICAL Uncaught ArgumentCountError: Too few arguments to function woocommerce_custom_sale_text(), 2 passed in C:\xampp\htdocs\starshop\wp-includes\class-wp-hook.php on line 303 and exactly 3 expected in C:\xampp\htdocs\starshop\wp-content\themes\starshop\functions.php:419
Stack trace:
#0 C:\xampp\htdocs\starshop\wp-includes\class-wp-hook.php(303): woocommerce_custom_sale_text('<span class="on...', Object(WC_Product_Simple))
#1 C:\xampp\htdocs\starshop\wp-includes\plugin.php(189): WP_Hook->apply_filters('<span class="on...', Array)
#2 C:\xampp\htdocs\starshop\wp-content\themes\starshop\woocommerce\archive-product.php(144): apply_filters('woocommerce_sal...', '<span class="on...', Object(WC_Product_Simple))
#3 C:\xampp\htdocs\starshop\wp-content\plugins\woocommerce\includes\wc-core-functions.php(345): include('C:\\xampp\\htdocs...')
#4 C:\xampp\htdocs\starshop\wp-content\plugins\woocommerce\templates\taxonomy-product-cat.php(22): wc_get_template('archive-product...')
#5 C:\xampp\htdocs\starshop\wp-includes\template-loader.php(106): include('C:\\xampp\\htdocs...')
#6 C:\xampp\htdocs\starshop\wp-blog-header.php(19): require_once('C:\\xampp\\htdocs...')
#7 C:\xampp\htdocs\starshop\index.php(17): require('C:\\xampp\\htdocs...')
#8 {main}
  thrown in C:\xampp\htdocs\starshop\wp-content\themes\starshop\functions.php on line 419

2021-11-22T08:42:50+00:00 CRITICAL Uncaught ArgumentCountError: Too few arguments to function woocommerce_custom_sale_text(), 2 passed in C:\xampp\htdocs\starshop\wp-includes\class-wp-hook.php on line 303 and exactly 3 expected in C:\xampp\htdocs\starshop\wp-content\themes\starshop\functions.php:419
Stack trace:
#0 C:\xampp\htdocs\starshop\wp-includes\class-wp-hook.php(303): woocommerce_custom_sale_text('woocommerce_cus...', 10)
#1 C:\xampp\htdocs\starshop\wp-includes\plugin.php(189): WP_Hook->apply_filters('woocommerce_cus...', Array)
#2 C:\xampp\htdocs\starshop\wp-content\themes\starshop\woocommerce\archive-product.php(143): apply_filters('woocommerce_sal...', 'woocommerce_cus...', 10)
#3 C:\xampp\htdocs\starshop\wp-content\plugins\woocommerce\includes\wc-core-functions.php(345): include('C:\\xampp\\htdocs...')
#4 C:\xampp\htdocs\starshop\wp-content\plugins\woocommerce\templates\taxonomy-product-cat.php(22): wc_get_template('archive-product...')
#5 C:\xampp\htdocs\starshop\wp-includes\template-loader.php(106): include('C:\\xampp\\htdocs...')
#6 C:\xampp\htdocs\starshop\wp-blog-header.php(19): require_once('C:\\xampp\\htdocs...')
#7 C:\xampp\htdocs\starshop\index.php(17): require('C:\\xampp\\htdocs...')
#8 {main}
  thrown in C:\xampp\htdocs\starshop\wp-content\themes\starshop\functions.php on line 419

