2021-11-19T01:56:41+00:00 CRITICAL Uncaught Error: Non-static method Weather_Forcast_API::get_weather() cannot be called statically in C:\xampp\htdocs\starshop\wp-content\plugins\weather-forecast\weather-forecast.php:29
Stack trace:
#0 C:\xampp\htdocs\starshop\wp-admin\includes\plugin.php(2286): include_once()
#1 C:\xampp\htdocs\starshop\wp-admin\includes\plugin.php(668): plugin_sandbox_scrape('weather-forecas...')
#2 C:\xampp\htdocs\starshop\wp-admin\plugins.php(58): activate_plugin('weather-forecas...', 'http://localhos...', false)
#3 {main}
  thrown in C:\xampp\htdocs\starshop\wp-content\plugins\weather-forecast\weather-forecast.php on line 29

2021-11-19T01:56:44+00:00 CRITICAL Uncaught Error: Non-static method Weather_Forcast_API::get_weather() cannot be called statically in C:\xampp\htdocs\starshop\wp-content\plugins\weather-forecast\weather-forecast.php:29
Stack trace:
#0 C:\xampp\htdocs\starshop\wp-admin\includes\plugin.php(2286): include_once()
#1 C:\xampp\htdocs\starshop\wp-admin\plugins.php(191): plugin_sandbox_scrape('weather-forecas...')
#2 {main}
  thrown in C:\xampp\htdocs\starshop\wp-content\plugins\weather-forecast\weather-forecast.php on line 29

2021-11-19T01:56:44+00:00 CRITICAL Uncaught Error: Non-static method Weather_Forcast_API::get_weather() cannot be called statically in C:\xampp\htdocs\starshop\wp-content\plugins\weather-forecast\weather-forecast.php:29
Stack trace:
#0 C:\xampp\htdocs\starshop\wp-admin\includes\plugin.php(2286): include_once()
#1 C:\xampp\htdocs\starshop\wp-admin\plugins.php(191): plugin_sandbox_scrape('weather-forecas...')
#2 {main}
  thrown in C:\xampp\htdocs\starshop\wp-content\plugins\weather-forecast\weather-forecast.php on line 29

2021-11-19T01:57:55+00:00 CRITICAL Uncaught Error: Non-static method Weather_Forecast_API::get_weather() cannot be called statically in C:\xampp\htdocs\starshop\wp-content\plugins\weather-forecast\weather-forecast.php:29
Stack trace:
#0 C:\xampp\htdocs\starshop\wp-admin\includes\plugin.php(2286): include_once()
#1 C:\xampp\htdocs\starshop\wp-admin\includes\plugin.php(668): plugin_sandbox_scrape('weather-forecas...')
#2 C:\xampp\htdocs\starshop\wp-admin\plugins.php(58): activate_plugin('weather-forecas...', 'http://localhos...', false)
#3 {main}
  thrown in C:\xampp\htdocs\starshop\wp-content\plugins\weather-forecast\weather-forecast.php on line 29

2021-11-19T01:57:58+00:00 CRITICAL Uncaught Error: Non-static method Weather_Forecast_API::get_weather() cannot be called statically in C:\xampp\htdocs\starshop\wp-content\plugins\weather-forecast\weather-forecast.php:29
Stack trace:
#0 C:\xampp\htdocs\starshop\wp-admin\includes\plugin.php(2286): include_once()
#1 C:\xampp\htdocs\starshop\wp-admin\plugins.php(191): plugin_sandbox_scrape('weather-forecas...')
#2 {main}
  thrown in C:\xampp\htdocs\starshop\wp-content\plugins\weather-forecast\weather-forecast.php on line 29

2021-11-19T01:57:58+00:00 CRITICAL Uncaught Error: Non-static method Weather_Forecast_API::get_weather() cannot be called statically in C:\xampp\htdocs\starshop\wp-content\plugins\weather-forecast\weather-forecast.php:29
Stack trace:
#0 C:\xampp\htdocs\starshop\wp-admin\includes\plugin.php(2286): include_once()
#1 C:\xampp\htdocs\starshop\wp-admin\plugins.php(191): plugin_sandbox_scrape('weather-forecas...')
#2 {main}
  thrown in C:\xampp\htdocs\starshop\wp-content\plugins\weather-forecast\weather-forecast.php on line 29

2021-11-19T03:16:51+00:00 CRITICAL Uncaught Error: Undefined constant "WP_ENVIRONMENT_TYPE" in C:\xampp\htdocs\starshop\wp-content\plugins\woocommerce\packages\woocommerce-admin\src\Schedulers\MailchimpScheduler.php:90
Stack trace:
#0 C:\xampp\htdocs\starshop\wp-content\plugins\woocommerce\packages\woocommerce-admin\src\Schedulers\MailchimpScheduler.php(90): constant('WP_ENVIRONMENT_...')
#1 C:\xampp\htdocs\starshop\wp-content\plugins\woocommerce\packages\woocommerce-admin\src\Schedulers\MailchimpScheduler.php(58): Automattic\WooCommerce\Admin\Schedulers\MailchimpScheduler->make_request('dangtuananh.hvt...')
#2 C:\xampp\htdocs\starshop\wp-content\plugins\woocommerce\packages\woocommerce-admin\src\Events.php(109): Automattic\WooCommerce\Admin\Schedulers\MailchimpScheduler->run()
#3 C:\xampp\htdocs\starshop\wp-includes\class-wp-hook.php(303): Automattic\WooCommerce\Admin\Events->do_wc_admin_daily()
#4 C:\xampp\htdocs\starshop\wp-includes\class-wp-hook.php(327): WP_Hook->apply_filters('', Array)
#5 C:\xampp\htdocs\starshop\wp-includes\plugin.php(518): WP_Hook->do_action(Array)
#6 C:\xampp\htdocs\starshop\wp-cron.php(138): do_action_ref_array('wc_admin_daily', Array)
#7 {main}
  thrown in C:\xampp\htdocs\starshop\wp-content\plugins\woocommerce\packages\woocommerce-admin\src\Schedulers\MailchimpScheduler.php on line 90

2021-11-19T03:18:49+00:00 CRITICAL Uncaught Error: Undefined constant "WP_ENVIRONMENT_TYPE" in C:\xampp\htdocs\starshop\wp-content\plugins\woocommerce\packages\woocommerce-admin\src\Schedulers\MailchimpScheduler.php:90
Stack trace:
#0 C:\xampp\htdocs\starshop\wp-content\plugins\woocommerce\packages\woocommerce-admin\src\Schedulers\MailchimpScheduler.php(90): constant('WP_ENVIRONMENT_...')
#1 C:\xampp\htdocs\starshop\wp-content\plugins\woocommerce\packages\woocommerce-admin\src\Schedulers\MailchimpScheduler.php(58): Automattic\WooCommerce\Admin\Schedulers\MailchimpScheduler->make_request('dangtuananh.hvt...')
#2 C:\xampp\htdocs\starshop\wp-content\plugins\woocommerce\packages\woocommerce-admin\src\Events.php(109): Automattic\WooCommerce\Admin\Schedulers\MailchimpScheduler->run()
#3 C:\xampp\htdocs\starshop\wp-includes\class-wp-hook.php(303): Automattic\WooCommerce\Admin\Events->do_wc_admin_daily()
#4 C:\xampp\htdocs\starshop\wp-includes\class-wp-hook.php(327): WP_Hook->apply_filters('', Array)
#5 C:\xampp\htdocs\starshop\wp-includes\plugin.php(518): WP_Hook->do_action(Array)
#6 C:\xampp\htdocs\starshop\wp-cron.php(138): do_action_ref_array('wc_admin_daily', Array)
#7 {main}
  thrown in C:\xampp\htdocs\starshop\wp-content\plugins\woocommerce\packages\woocommerce-admin\src\Schedulers\MailchimpScheduler.php on line 90

2021-11-19T16:11:15+00:00 CRITICAL Uncaught Error: Object of class WP_Error could not be converted to string in C:\xampp\htdocs\starshop\wp-content\themes\starshop\header.php:130
Stack trace:
#0 C:\xampp\htdocs\starshop\wp-includes\template.php(770): require_once()
#1 C:\xampp\htdocs\starshop\wp-includes\template.php(716): load_template('C:\\xampp\\htdocs...', true, Array)
#2 C:\xampp\htdocs\starshop\wp-includes\general-template.php(48): locate_template(Array, true, true, Array)
#3 C:\xampp\htdocs\starshop\wp-content\plugins\woocommerce\templates\archive-product.php(20): get_header('shop')
#4 C:\xampp\htdocs\starshop\wp-content\plugins\woocommerce\includes\wc-core-functions.php(345): include('C:\\xampp\\htdocs...')
#5 C:\xampp\htdocs\starshop\wp-content\plugins\woocommerce\templates\taxonomy-product-cat.php(22): wc_get_template('archive-product...')
#6 C:\xampp\htdocs\starshop\wp-includes\template-loader.php(106): include('C:\\xampp\\htdocs...')
#7 C:\xampp\htdocs\starshop\wp-blog-header.php(19): require_once('C:\\xampp\\htdocs...')
#8 C:\xampp\htdocs\starshop\index.php(17): require('C:\\xampp\\htdocs...')
#9 {main}
  thrown in C:\xampp\htdocs\starshop\wp-content\themes\starshop\header.php on line 130

