2021-11-29T02:38:42+00:00 CRITICAL Uncaught Error: Object of class stdClass could not be converted to string in C:\xampp\htdocs\starshop\wp-includes\class-wp-tax-query.php:559
Stack trace:
#0 C:\xampp\htdocs\starshop\wp-includes\class-wp-tax-query.php(559): array_unique(Array)
#1 C:\xampp\htdocs\starshop\wp-includes\class-wp-tax-query.php(394): WP_Tax_Query->clean_query(Array)
#2 C:\xampp\htdocs\starshop\wp-includes\class-wp-tax-query.php(324): WP_Tax_Query->get_sql_for_clause(Array, Array)
#3 C:\xampp\htdocs\starshop\wp-includes\class-wp-tax-query.php(274): WP_Tax_Query->get_sql_for_query(Array)
#4 C:\xampp\htdocs\starshop\wp-includes\class-wp-tax-query.php(250): WP_Tax_Query->get_sql_clauses()
#5 C:\xampp\htdocs\starshop\wp-includes\class-wp-query.php(2138): WP_Tax_Query->get_sql('wp_posts', 'ID')
#6 C:\xampp\htdocs\starshop\wp-includes\class-wp-query.php(3465): WP_Query->get_posts()
#7 C:\xampp\htdocs\starshop\wp-includes\class-wp-query.php(3576): WP_Query->query(Array)
#8 C:\xampp\htdocs\starshop\wp-content\themes\starshop\woocommerce\archive-product.php(115): WP_Query->__construct(Array)
#9 C:\xampp\htdocs\starshop\wp-includes\template-loader.php(106): include('C:\\xampp\\htdocs...')
#10 C:\xampp\htdocs\starshop\wp-blog-header.php(19): require_once('C:\\xampp\\htdocs...')
#11 C:\xampp\htdocs\starshop\index.php(17): require('C:\\xampp\\htdocs...')
#12 {main}
  thrown in C:\xampp\htdocs\starshop\wp-includes\class-wp-tax-query.php on line 559

2021-11-29T03:16:13+00:00 CRITICAL Uncaught Error: Undefined constant "WP_ENVIRONMENT_TYPE" in C:\xampp\htdocs\starshop\wp-content\plugins\woocommerce\packages\woocommerce-admin\src\Schedulers\MailchimpScheduler.php:90
Stack trace:
#0 C:\xampp\htdocs\starshop\wp-content\plugins\woocommerce\packages\woocommerce-admin\src\Schedulers\MailchimpScheduler.php(90): constant('WP_ENVIRONMENT_...')
#1 C:\xampp\htdocs\starshop\wp-content\plugins\woocommerce\packages\woocommerce-admin\src\Schedulers\MailchimpScheduler.php(58): Automattic\WooCommerce\Admin\Schedulers\MailchimpScheduler->make_request('dangtuananh.hvt...')
#2 C:\xampp\htdocs\starshop\wp-content\plugins\woocommerce\packages\woocommerce-admin\src\Events.php(109): Automattic\WooCommerce\Admin\Schedulers\MailchimpScheduler->run()
#3 C:\xampp\htdocs\starshop\wp-includes\class-wp-hook.php(303): Automattic\WooCommerce\Admin\Events->do_wc_admin_daily()
#4 C:\xampp\htdocs\starshop\wp-includes\class-wp-hook.php(327): WP_Hook->apply_filters('', Array)
#5 C:\xampp\htdocs\starshop\wp-includes\plugin.php(518): WP_Hook->do_action(Array)
#6 C:\xampp\htdocs\starshop\wp-cron.php(138): do_action_ref_array('wc_admin_daily', Array)
#7 {main}
  thrown in C:\xampp\htdocs\starshop\wp-content\plugins\woocommerce\packages\woocommerce-admin\src\Schedulers\MailchimpScheduler.php on line 90

2021-11-29T03:17:18+00:00 CRITICAL Uncaught Error: Undefined constant "WP_ENVIRONMENT_TYPE" in C:\xampp\htdocs\starshop\wp-content\plugins\woocommerce\packages\woocommerce-admin\src\Schedulers\MailchimpScheduler.php:90
Stack trace:
#0 C:\xampp\htdocs\starshop\wp-content\plugins\woocommerce\packages\woocommerce-admin\src\Schedulers\MailchimpScheduler.php(90): constant('WP_ENVIRONMENT_...')
#1 C:\xampp\htdocs\starshop\wp-content\plugins\woocommerce\packages\woocommerce-admin\src\Schedulers\MailchimpScheduler.php(58): Automattic\WooCommerce\Admin\Schedulers\MailchimpScheduler->make_request('dangtuananh.hvt...')
#2 C:\xampp\htdocs\starshop\wp-content\plugins\woocommerce\packages\woocommerce-admin\src\Events.php(109): Automattic\WooCommerce\Admin\Schedulers\MailchimpScheduler->run()
#3 C:\xampp\htdocs\starshop\wp-includes\class-wp-hook.php(303): Automattic\WooCommerce\Admin\Events->do_wc_admin_daily()
#4 C:\xampp\htdocs\starshop\wp-includes\class-wp-hook.php(327): WP_Hook->apply_filters('', Array)
#5 C:\xampp\htdocs\starshop\wp-includes\plugin.php(518): WP_Hook->do_action(Array)
#6 C:\xampp\htdocs\starshop\wp-cron.php(138): do_action_ref_array('wc_admin_daily', Array)
#7 {main}
  thrown in C:\xampp\htdocs\starshop\wp-content\plugins\woocommerce\packages\woocommerce-admin\src\Schedulers\MailchimpScheduler.php on line 90

2021-11-29T03:44:59+00:00 CRITICAL Uncaught Error: Object of class stdClass could not be converted to string in C:\xampp\htdocs\starshop\wp-includes\class-wp-tax-query.php:559
Stack trace:
#0 C:\xampp\htdocs\starshop\wp-includes\class-wp-tax-query.php(559): array_unique(Array)
#1 C:\xampp\htdocs\starshop\wp-includes\class-wp-tax-query.php(394): WP_Tax_Query->clean_query(Array)
#2 C:\xampp\htdocs\starshop\wp-includes\class-wp-tax-query.php(324): WP_Tax_Query->get_sql_for_clause(Array, Array)
#3 C:\xampp\htdocs\starshop\wp-includes\class-wp-tax-query.php(274): WP_Tax_Query->get_sql_for_query(Array)
#4 C:\xampp\htdocs\starshop\wp-includes\class-wp-tax-query.php(250): WP_Tax_Query->get_sql_clauses()
#5 C:\xampp\htdocs\starshop\wp-includes\class-wp-query.php(2138): WP_Tax_Query->get_sql('wp_posts', 'ID')
#6 C:\xampp\htdocs\starshop\wp-includes\class-wp-query.php(3465): WP_Query->get_posts()
#7 C:\xampp\htdocs\starshop\wp-includes\class-wp-query.php(3576): WP_Query->query(Array)
#8 C:\xampp\htdocs\starshop\wp-content\themes\starshop\woocommerce\archive-product.php(115): WP_Query->__construct(Array)
#9 C:\xampp\htdocs\starshop\wp-includes\template-loader.php(106): include('C:\\xampp\\htdocs...')
#10 C:\xampp\htdocs\starshop\wp-blog-header.php(19): require_once('C:\\xampp\\htdocs...')
#11 C:\xampp\htdocs\starshop\index.php(17): require('C:\\xampp\\htdocs...')
#12 {main}
  thrown in C:\xampp\htdocs\starshop\wp-includes\class-wp-tax-query.php on line 559

2021-11-29T04:16:48+00:00 CRITICAL Uncaught Error: Object of class stdClass could not be converted to string in C:\xampp\htdocs\starshop\wp-includes\class-wp-tax-query.php:559
Stack trace:
#0 C:\xampp\htdocs\starshop\wp-includes\class-wp-tax-query.php(559): array_unique(Array)
#1 C:\xampp\htdocs\starshop\wp-includes\class-wp-tax-query.php(394): WP_Tax_Query->clean_query(Array)
#2 C:\xampp\htdocs\starshop\wp-includes\class-wp-tax-query.php(324): WP_Tax_Query->get_sql_for_clause(Array, Array)
#3 C:\xampp\htdocs\starshop\wp-includes\class-wp-tax-query.php(274): WP_Tax_Query->get_sql_for_query(Array)
#4 C:\xampp\htdocs\starshop\wp-includes\class-wp-tax-query.php(250): WP_Tax_Query->get_sql_clauses()
#5 C:\xampp\htdocs\starshop\wp-includes\class-wp-query.php(2138): WP_Tax_Query->get_sql('wp_posts', 'ID')
#6 C:\xampp\htdocs\starshop\wp-includes\class-wp-query.php(3465): WP_Query->get_posts()
#7 C:\xampp\htdocs\starshop\wp-includes\class-wp-query.php(3576): WP_Query->query(Array)
#8 C:\xampp\htdocs\starshop\wp-content\themes\starshop\woocommerce\archive-product.php(115): WP_Query->__construct(Array)
#9 C:\xampp\htdocs\starshop\wp-includes\template-loader.php(106): include('C:\\xampp\\htdocs...')
#10 C:\xampp\htdocs\starshop\wp-blog-header.php(19): require_once('C:\\xampp\\htdocs...')
#11 C:\xampp\htdocs\starshop\index.php(17): require('C:\\xampp\\htdocs...')
#12 {main}
  thrown in C:\xampp\htdocs\starshop\wp-includes\class-wp-tax-query.php on line 559

2021-11-29T04:16:57+00:00 CRITICAL Uncaught Error: Object of class stdClass could not be converted to string in C:\xampp\htdocs\starshop\wp-includes\class-wp-tax-query.php:559
Stack trace:
#0 C:\xampp\htdocs\starshop\wp-includes\class-wp-tax-query.php(559): array_unique(Array)
#1 C:\xampp\htdocs\starshop\wp-includes\class-wp-tax-query.php(394): WP_Tax_Query->clean_query(Array)
#2 C:\xampp\htdocs\starshop\wp-includes\class-wp-tax-query.php(324): WP_Tax_Query->get_sql_for_clause(Array, Array)
#3 C:\xampp\htdocs\starshop\wp-includes\class-wp-tax-query.php(274): WP_Tax_Query->get_sql_for_query(Array)
#4 C:\xampp\htdocs\starshop\wp-includes\class-wp-tax-query.php(250): WP_Tax_Query->get_sql_clauses()
#5 C:\xampp\htdocs\starshop\wp-includes\class-wp-query.php(2138): WP_Tax_Query->get_sql('wp_posts', 'ID')
#6 C:\xampp\htdocs\starshop\wp-includes\class-wp-query.php(3465): WP_Query->get_posts()
#7 C:\xampp\htdocs\starshop\wp-includes\class-wp-query.php(3576): WP_Query->query(Array)
#8 C:\xampp\htdocs\starshop\wp-content\themes\starshop\woocommerce\archive-product.php(115): WP_Query->__construct(Array)
#9 C:\xampp\htdocs\starshop\wp-includes\template-loader.php(106): include('C:\\xampp\\htdocs...')
#10 C:\xampp\htdocs\starshop\wp-blog-header.php(19): require_once('C:\\xampp\\htdocs...')
#11 C:\xampp\htdocs\starshop\index.php(17): require('C:\\xampp\\htdocs...')
#12 {main}
  thrown in C:\xampp\htdocs\starshop\wp-includes\class-wp-tax-query.php on line 559

2021-11-29T10:18:55+00:00 CRITICAL Cannot redeclare action_product_meta_end() (previously declared in C:\xampp\htdocs\starshop\wp-content\plugins\woocommerce\templates\single-product\add-to-cart\variable.php:51) in C:\xampp\htdocs\starshop\wp-content\plugins\woocommerce\templates\single-product\add-to-cart\variable.php on line 50

